0 info it worked if it ends with ok
1 verbose cli [ '/usr/bin/node', '/usr/bin/npm', 'install' ]
2 info using npm@3.5.2
3 info using node@v8.10.0
4 silly loadCurrentTree Starting
5 silly install loadCurrentTree
6 silly install readLocalPackageData
7 silly install normalizeTree
8 silly loadCurrentTree Finishing
9 silly loadIdealTree Starting
10 silly install loadIdealTree
11 silly cloneCurrentTree Starting
12 silly install cloneCurrentTreeToIdealTree
13 silly cloneCurrentTree Finishing
14 silly loadShrinkwrap Starting
15 silly install loadShrinkwrap
16 silly loadShrinkwrap Finishing
17 silly loadAllDepsIntoIdealTree Starting
18 silly install loadAllDepsIntoIdealTree
19 silly fetchNamedPackageData oracledb
20 silly mapToRegistry name oracledb
21 silly mapToRegistry using default registry
22 silly mapToRegistry registry https://registry.npmjs.org/
23 silly mapToRegistry uri https://registry.npmjs.org/oracledb
24 verbose request uri https://registry.npmjs.org/oracledb
25 verbose request no auth needed
26 info attempt registry request try #1 at 15:11:12
27 verbose request id fb0225920e939246
28 verbose etag W/"9ba368545867649c060c48a8abaa28f5"
29 verbose lastModified Wed, 09 Dec 2020 04:52:29 GMT
30 http request GET https://registry.npmjs.org/oracledb
31 http 304 https://registry.npmjs.org/oracledb
32 verbose headers { date: 'Tue, 13 Apr 2021 18:11:13 GMT',
32 verbose headers   connection: 'keep-alive',
32 verbose headers   'set-cookie':
32 verbose headers    [ '__cfduid=d956d941629cba95971687890ef5641cf1618337472; expires=Thu, 13-May-21 18:11:12 GMT; path=/; domain=.npmjs.org; HttpOnly; SameSite=Lax' ],
32 verbose headers   'cf-ray': '63f6a7d55c23d098-POA',
32 verbose headers   age: '90',
32 verbose headers   'cache-control': 'public, max-age=300',
32 verbose headers   etag: '"9ba368545867649c060c48a8abaa28f5"',
32 verbose headers   'last-modified': 'Wed, 09 Dec 2020 04:52:29 GMT',
32 verbose headers   vary: 'Accept-Encoding',
32 verbose headers   'cf-cache-status': 'HIT',
32 verbose headers   'cf-request-id': '096e0739560000d098b81eb000000001',
32 verbose headers   'expect-ct': 'max-age=604800, report-uri="https://report-uri.cloudflare.com/cdn-cgi/beacon/expect-ct"',
32 verbose headers   server: 'cloudflare' }
33 silly get cb [ 304,
33 silly get   { date: 'Tue, 13 Apr 2021 18:11:13 GMT',
33 silly get     connection: 'keep-alive',
33 silly get     'set-cookie':
33 silly get      [ '__cfduid=d956d941629cba95971687890ef5641cf1618337472; expires=Thu, 13-May-21 18:11:12 GMT; path=/; domain=.npmjs.org; HttpOnly; SameSite=Lax' ],
33 silly get     'cf-ray': '63f6a7d55c23d098-POA',
33 silly get     age: '90',
33 silly get     'cache-control': 'public, max-age=300',
33 silly get     etag: '"9ba368545867649c060c48a8abaa28f5"',
33 silly get     'last-modified': 'Wed, 09 Dec 2020 04:52:29 GMT',
33 silly get     vary: 'Accept-Encoding',
33 silly get     'cf-cache-status': 'HIT',
33 silly get     'cf-request-id': '096e0739560000d098b81eb000000001',
33 silly get     'expect-ct': 'max-age=604800, report-uri="https://report-uri.cloudflare.com/cdn-cgi/beacon/expect-ct"',
33 silly get     server: 'cloudflare' } ]
34 verbose etag https://registry.npmjs.org/oracledb from cache
35 verbose get saving oracledb to /home/lucas.melo/.npm/registry.npmjs.org/oracledb/.cache.json
36 silly resolveWithNewModule oracledb@5.1.0 checking installable status
37 silly cache add args [ 'oracledb@^5.1.0', null ]
38 verbose cache add spec oracledb@^5.1.0
39 silly cache add parsed spec Result {
39 silly cache add   raw: 'oracledb@^5.1.0',
39 silly cache add   scope: null,
39 silly cache add   name: 'oracledb',
39 silly cache add   rawSpec: '^5.1.0',
39 silly cache add   spec: '>=5.1.0 <6.0.0',
39 silly cache add   type: 'range' }
40 silly addNamed oracledb@>=5.1.0 <6.0.0
41 verbose addNamed ">=5.1.0 <6.0.0" is a valid semver range for oracledb
42 silly addNameRange { name: 'oracledb', range: '>=5.1.0 <6.0.0', hasData: false }
43 silly mapToRegistry name oracledb
44 silly mapToRegistry using default registry
45 silly mapToRegistry registry https://registry.npmjs.org/
46 silly mapToRegistry uri https://registry.npmjs.org/oracledb
47 verbose addNameRange registry:https://registry.npmjs.org/oracledb not in flight; fetching
48 verbose get https://registry.npmjs.org/oracledb not expired, no request
49 silly addNameRange number 2 { name: 'oracledb', range: '>=5.1.0 <6.0.0', hasData: true }
50 silly addNameRange versions [ 'oracledb',
50 silly addNameRange   [ '0.2.4',
50 silly addNameRange     '0.3.1',
50 silly addNameRange     '0.4.1',
50 silly addNameRange     '0.4.2',
50 silly addNameRange     '0.5.0',
50 silly addNameRange     '0.6.0',
50 silly addNameRange     '0.7.0',
50 silly addNameRange     '1.0.0',
50 silly addNameRange     '1.1.0',
50 silly addNameRange     '1.2.0',
50 silly addNameRange     '1.3.0',
50 silly addNameRange     '1.4.0',
50 silly addNameRange     '1.5.0',
50 silly addNameRange     '1.6.0',
50 silly addNameRange     '1.7.0',
50 silly addNameRange     '1.7.1',
50 silly addNameRange     '1.8.0',
50 silly addNameRange     '1.9.1',
50 silly addNameRange     '1.9.2',
50 silly addNameRange     '1.9.3',
50 silly addNameRange     '1.10.0',
50 silly addNameRange     '1.10.1',
50 silly addNameRange     '1.11.0',
50 silly addNameRange     '1.12.2',
50 silly addNameRange     '1.13.0',
50 silly addNameRange     '1.13.1',
50 silly addNameRange     '2.0.14',
50 silly addNameRange     '2.0.15',
50 silly addNameRange     '2.1.0',
50 silly addNameRange     '2.1.1',
50 silly addNameRange     '2.1.2',
50 silly addNameRange     '2.2.0',
50 silly addNameRange     '2.3.0',
50 silly addNameRange     '3.0.0',
50 silly addNameRange     '3.0.1',
50 silly addNameRange     '3.1.0',
50 silly addNameRange     '3.1.1',
50 silly addNameRange     '3.1.2',
50 silly addNameRange     '4.0.0',
50 silly addNameRange     '4.0.1',
50 silly addNameRange     '4.1.0',
50 silly addNameRange     '4.2.0',
50 silly addNameRange     '5.0.0',
50 silly addNameRange     '5.1.0' ] ]
51 silly addNamed oracledb@5.1.0
52 verbose addNamed "5.1.0" is a plain semver version for oracledb
53 silly cache afterAdd oracledb@5.1.0
54 verbose afterAdd /home/lucas.melo/.npm/oracledb/5.1.0/package/package.json not in flight; writing
55 verbose afterAdd /home/lucas.melo/.npm/oracledb/5.1.0/package/package.json written
56 silly loadAllDepsIntoIdealTree Finishing
57 silly idealTree:prePrune api-test@1.0.1
57 silly idealTree:prePrune ├─┬ @cypress/listr-verbose-renderer@0.4.1
57 silly idealTree:prePrune │ ├── chalk@1.1.3
57 silly idealTree:prePrune │ └── supports-color@2.0.0
57 silly idealTree:prePrune ├── @cypress/request@2.88.5
57 silly idealTree:prePrune ├─┬ @cypress/xvfb@1.2.4
57 silly idealTree:prePrune │ └── debug@3.2.7
57 silly idealTree:prePrune ├── @samverschueren/stream-to-observable@0.3.1
57 silly idealTree:prePrune ├── @types/node@14.14.37
57 silly idealTree:prePrune ├── @types/sinonjs__fake-timers@6.0.2
57 silly idealTree:prePrune ├── @types/sizzle@2.3.2
57 silly idealTree:prePrune ├── ajv@6.12.6
57 silly idealTree:prePrune ├── ally.js@1.4.1
57 silly idealTree:prePrune ├── ansi-escapes@3.2.0
57 silly idealTree:prePrune ├── ansi-regex@2.1.1
57 silly idealTree:prePrune ├── ansi-styles@2.2.1
57 silly idealTree:prePrune ├── any-observable@0.3.0
57 silly idealTree:prePrune ├── arch@2.2.0
57 silly idealTree:prePrune ├── asn1@0.2.4
57 silly idealTree:prePrune ├── assert-plus@1.0.0
57 silly idealTree:prePrune ├── async@3.2.0
57 silly idealTree:prePrune ├── asynckit@0.4.0
57 silly idealTree:prePrune ├── at-least-node@1.0.0
57 silly idealTree:prePrune ├── aws-sign2@0.7.0
57 silly idealTree:prePrune ├── aws4@1.11.0
57 silly idealTree:prePrune ├── balanced-match@1.0.2
57 silly idealTree:prePrune ├── bcrypt-pbkdf@1.0.2
57 silly idealTree:prePrune ├── blob-util@2.0.2
57 silly idealTree:prePrune ├── bluebird@3.7.2
57 silly idealTree:prePrune ├── brace-expansion@1.1.11
57 silly idealTree:prePrune ├── buffer-crc32@0.2.13
57 silly idealTree:prePrune ├── buffer-from@1.1.1
57 silly idealTree:prePrune ├── cachedir@2.3.0
57 silly idealTree:prePrune ├── caseless@0.12.0
57 silly idealTree:prePrune ├─┬ chalk@4.1.0
57 silly idealTree:prePrune │ ├── ansi-styles@4.3.0
57 silly idealTree:prePrune │ └── supports-color@7.2.0
57 silly idealTree:prePrune ├── check-more-types@2.24.0
57 silly idealTree:prePrune ├── ci-info@3.1.1
57 silly idealTree:prePrune ├── cli-cursor@1.0.2
57 silly idealTree:prePrune ├── cli-table3@0.6.0
57 silly idealTree:prePrune ├─┬ cli-truncate@0.2.1
57 silly idealTree:prePrune │ ├── is-fullwidth-code-point@1.0.0
57 silly idealTree:prePrune │ └── string-width@1.0.2
57 silly idealTree:prePrune ├── code-point-at@1.1.0
57 silly idealTree:prePrune ├── color-convert@2.0.1
57 silly idealTree:prePrune ├── color-name@1.1.4
57 silly idealTree:prePrune ├── colors@1.4.0
57 silly idealTree:prePrune ├── combined-stream@1.0.8
57 silly idealTree:prePrune ├── commander@5.1.0
57 silly idealTree:prePrune ├── common-tags@1.8.0
57 silly idealTree:prePrune ├── concat-map@0.0.1
57 silly idealTree:prePrune ├── concat-stream@1.6.2
57 silly idealTree:prePrune ├── core-util-is@1.0.2
57 silly idealTree:prePrune ├── cross-spawn@7.0.3
57 silly idealTree:prePrune ├── css.escape@1.5.1
57 silly idealTree:prePrune ├── cypress-config-switcher@1.0.0
57 silly idealTree:prePrune ├── cypress-plugin-tab@1.0.5
57 silly idealTree:prePrune ├── cypress-xpath@1.6.2
57 silly idealTree:prePrune ├─┬ cypress@7.1.0
57 silly idealTree:prePrune │ ├── fs-extra@9.1.0
57 silly idealTree:prePrune │ ├── jsonfile@6.1.0
57 silly idealTree:prePrune │ └── universalify@2.0.0
57 silly idealTree:prePrune ├── dashdash@1.14.1
57 silly idealTree:prePrune ├── date-fns@1.30.1
57 silly idealTree:prePrune ├── dayjs@1.10.4
57 silly idealTree:prePrune ├─┬ debug@4.3.2
57 silly idealTree:prePrune │ └── ms@2.1.2
57 silly idealTree:prePrune ├── delayed-stream@1.0.0
57 silly idealTree:prePrune ├── ecc-jsbn@0.1.2
57 silly idealTree:prePrune ├── elegant-spinner@1.0.1
57 silly idealTree:prePrune ├── emoji-regex@8.0.0
57 silly idealTree:prePrune ├── end-of-stream@1.4.4
57 silly idealTree:prePrune ├── escape-string-regexp@1.0.5
57 silly idealTree:prePrune ├── eventemitter2@6.4.4
57 silly idealTree:prePrune ├─┬ execa@4.1.0
57 silly idealTree:prePrune │ └── onetime@5.1.2
57 silly idealTree:prePrune ├── executable@4.1.1
57 silly idealTree:prePrune ├── exit-hook@1.1.1
57 silly idealTree:prePrune ├── extend@3.0.2
57 silly idealTree:prePrune ├─┬ extract-zip@1.7.0
57 silly idealTree:prePrune │ ├── debug@2.6.9
57 silly idealTree:prePrune │ └── ms@2.0.0
57 silly idealTree:prePrune ├── extsprintf@1.3.0
57 silly idealTree:prePrune ├── fast-deep-equal@3.1.3
57 silly idealTree:prePrune ├── fast-json-stable-stringify@2.1.0
57 silly idealTree:prePrune ├── fd-slicer@1.1.0
57 silly idealTree:prePrune ├── figures@1.7.0
57 silly idealTree:prePrune ├── forever-agent@0.6.1
57 silly idealTree:prePrune ├── form-data@2.3.3
57 silly idealTree:prePrune ├── fs-extra@8.1.0
57 silly idealTree:prePrune ├── fs.realpath@1.0.0
57 silly idealTree:prePrune ├── fs@0.0.1-security
57 silly idealTree:prePrune ├── get-stream@5.2.0
57 silly idealTree:prePrune ├── getos@3.2.1
57 silly idealTree:prePrune ├── getpass@0.1.7
57 silly idealTree:prePrune ├── glob@7.1.6
57 silly idealTree:prePrune ├── global-dirs@3.0.0
57 silly idealTree:prePrune ├── graceful-fs@4.2.6
57 silly idealTree:prePrune ├── har-schema@2.0.0
57 silly idealTree:prePrune ├── har-validator@5.1.5
57 silly idealTree:prePrune ├── has-ansi@2.0.0
57 silly idealTree:prePrune ├── has-flag@4.0.0
57 silly idealTree:prePrune ├── http-signature@1.2.0
57 silly idealTree:prePrune ├── human-signals@1.1.1
57 silly idealTree:prePrune ├── indent-string@3.2.0
57 silly idealTree:prePrune ├── inflight@1.0.6
57 silly idealTree:prePrune ├── inherits@2.0.4
57 silly idealTree:prePrune ├── ini@2.0.0
57 silly idealTree:prePrune ├── is-ci@3.0.0
57 silly idealTree:prePrune ├── is-fullwidth-code-point@3.0.0
57 silly idealTree:prePrune ├── is-installed-globally@0.4.0
57 silly idealTree:prePrune ├── is-observable@1.1.0
57 silly idealTree:prePrune ├── is-path-inside@3.0.3
57 silly idealTree:prePrune ├── is-promise@2.2.2
57 silly idealTree:prePrune ├── is-stream@2.0.0
57 silly idealTree:prePrune ├── is-typedarray@1.0.0
57 silly idealTree:prePrune ├── is-unicode-supported@0.1.0
57 silly idealTree:prePrune ├── isarray@1.0.0
57 silly idealTree:prePrune ├── isexe@2.0.0
57 silly idealTree:prePrune ├── isstream@0.1.2
57 silly idealTree:prePrune ├── jsbn@0.1.1
57 silly idealTree:prePrune ├── json-schema-traverse@0.4.1
57 silly idealTree:prePrune ├── json-schema@0.2.3
57 silly idealTree:prePrune ├── json-stringify-safe@5.0.1
57 silly idealTree:prePrune ├── jsonfile@4.0.0
57 silly idealTree:prePrune ├── jsprim@1.4.1
57 silly idealTree:prePrune ├── lazy-ass@1.6.0
57 silly idealTree:prePrune ├── listr-silent-renderer@1.1.1
57 silly idealTree:prePrune ├─┬ listr-update-renderer@0.5.0
57 silly idealTree:prePrune │ ├── chalk@1.1.3
57 silly idealTree:prePrune │ ├── log-symbols@1.0.2
57 silly idealTree:prePrune │ └── supports-color@2.0.0
57 silly idealTree:prePrune ├─┬ listr-verbose-renderer@0.5.0
57 silly idealTree:prePrune │ ├── ansi-styles@3.2.1
57 silly idealTree:prePrune │ ├── chalk@2.4.2
57 silly idealTree:prePrune │ ├── cli-cursor@2.1.0
57 silly idealTree:prePrune │ ├── color-convert@1.9.3
57 silly idealTree:prePrune │ ├── color-name@1.1.3
57 silly idealTree:prePrune │ ├── figures@2.0.0
57 silly idealTree:prePrune │ ├── has-flag@3.0.0
57 silly idealTree:prePrune │ ├── mimic-fn@1.2.0
57 silly idealTree:prePrune │ ├── onetime@2.0.1
57 silly idealTree:prePrune │ ├── restore-cursor@2.0.0
57 silly idealTree:prePrune │ └── supports-color@5.5.0
57 silly idealTree:prePrune ├─┬ listr@0.14.3
57 silly idealTree:prePrune │ └── is-stream@1.1.0
57 silly idealTree:prePrune ├── lodash.once@4.1.1
57 silly idealTree:prePrune ├── lodash@4.17.21
57 silly idealTree:prePrune ├── log-symbols@4.1.0
57 silly idealTree:prePrune ├─┬ log-update@2.3.0
57 silly idealTree:prePrune │ ├── cli-cursor@2.1.0
57 silly idealTree:prePrune │ ├── mimic-fn@1.2.0
57 silly idealTree:prePrune │ ├── onetime@2.0.1
57 silly idealTree:prePrune │ └── restore-cursor@2.0.0
57 silly idealTree:prePrune ├── merge-stream@2.0.0
57 silly idealTree:prePrune ├── mime-db@1.47.0
57 silly idealTree:prePrune ├── mime-types@2.1.30
57 silly idealTree:prePrune ├── mimic-fn@2.1.0
57 silly idealTree:prePrune ├── minimatch@3.0.4
57 silly idealTree:prePrune ├── minimist@1.2.5
57 silly idealTree:prePrune ├── mkdirp@0.5.5
57 silly idealTree:prePrune ├── ms@2.1.3
57 silly idealTree:prePrune ├── npm-run-path@4.0.1
57 silly idealTree:prePrune ├── number-is-nan@1.0.1
57 silly idealTree:prePrune ├── oauth-sign@0.9.0
57 silly idealTree:prePrune ├── object-assign@4.1.1
57 silly idealTree:prePrune ├── once@1.4.0
57 silly idealTree:prePrune ├── onetime@1.1.0
57 silly idealTree:prePrune ├── oracledb@5.1.0
57 silly idealTree:prePrune ├── ospath@1.2.2
57 silly idealTree:prePrune ├── p-map@2.1.0
57 silly idealTree:prePrune ├── path-is-absolute@1.0.1
57 silly idealTree:prePrune ├── path-key@3.1.1
57 silly idealTree:prePrune ├── pend@1.2.0
57 silly idealTree:prePrune ├── performance-now@2.1.0
57 silly idealTree:prePrune ├── pify@2.3.0
57 silly idealTree:prePrune ├── platform@1.3.3
57 silly idealTree:prePrune ├── pretty-bytes@5.6.0
57 silly idealTree:prePrune ├── process-nextick-args@2.0.1
57 silly idealTree:prePrune ├── psl@1.8.0
57 silly idealTree:prePrune ├── pump@3.0.0
57 silly idealTree:prePrune ├── punycode@2.1.1
57 silly idealTree:prePrune ├── qs@6.5.2
57 silly idealTree:prePrune ├── querystring@0.2.0
57 silly idealTree:prePrune ├── ramda@0.27.1
57 silly idealTree:prePrune ├─┬ readable-stream@2.3.7
57 silly idealTree:prePrune │ └── safe-buffer@5.1.2
57 silly idealTree:prePrune ├── request-progress@3.0.0
57 silly idealTree:prePrune ├── restore-cursor@1.0.1
57 silly idealTree:prePrune ├── rimraf@3.0.2
57 silly idealTree:prePrune ├── rxjs@6.6.7
57 silly idealTree:prePrune ├── safe-buffer@5.2.1
57 silly idealTree:prePrune ├── safer-buffer@2.1.2
57 silly idealTree:prePrune ├── shebang-command@2.0.0
57 silly idealTree:prePrune ├── shebang-regex@3.0.0
57 silly idealTree:prePrune ├── signal-exit@3.0.3
57 silly idealTree:prePrune ├── slice-ansi@0.0.4
57 silly idealTree:prePrune ├── sshpk@1.16.1
57 silly idealTree:prePrune ├─┬ string_decoder@1.1.1
57 silly idealTree:prePrune │ └── safe-buffer@5.1.2
57 silly idealTree:prePrune ├─┬ string-width@4.2.2
57 silly idealTree:prePrune │ ├── ansi-regex@5.0.0
57 silly idealTree:prePrune │ └── strip-ansi@6.0.0
57 silly idealTree:prePrune ├── strip-ansi@3.0.1
57 silly idealTree:prePrune ├── strip-final-newline@2.0.0
57 silly idealTree:prePrune ├── supports-color@8.1.1
57 silly idealTree:prePrune ├── symbol-observable@1.2.0
57 silly idealTree:prePrune ├── throttleit@1.0.0
57 silly idealTree:prePrune ├── tmp@0.2.1
57 silly idealTree:prePrune ├── tough-cookie@2.5.0
57 silly idealTree:prePrune ├── tslib@1.14.1
57 silly idealTree:prePrune ├── tunnel-agent@0.6.0
57 silly idealTree:prePrune ├── tweetnacl@0.14.5
57 silly idealTree:prePrune ├── typedarray@0.0.6
57 silly idealTree:prePrune ├── universalify@0.1.2
57 silly idealTree:prePrune ├── untildify@4.0.0
57 silly idealTree:prePrune ├── uri-js@4.4.1
57 silly idealTree:prePrune ├─┬ url@0.11.0
57 silly idealTree:prePrune │ └── punycode@1.3.2
57 silly idealTree:prePrune ├── util-deprecate@1.0.2
57 silly idealTree:prePrune ├── uuid@3.4.0
57 silly idealTree:prePrune ├── verror@1.10.0
57 silly idealTree:prePrune ├── which@2.0.2
57 silly idealTree:prePrune ├─┬ wrap-ansi@3.0.1
57 silly idealTree:prePrune │ ├── ansi-regex@3.0.0
57 silly idealTree:prePrune │ ├── is-fullwidth-code-point@2.0.0
57 silly idealTree:prePrune │ ├── string-width@2.1.1
57 silly idealTree:prePrune │ └── strip-ansi@4.0.0
57 silly idealTree:prePrune ├── wrappy@1.0.2
57 silly idealTree:prePrune └── yauzl@2.10.0
58 silly loadIdealTree Finishing
59 silly currentTree api-test@1.0.1
59 silly currentTree ├─┬ @cypress/listr-verbose-renderer@0.4.1
59 silly currentTree │ ├── chalk@1.1.3
59 silly currentTree │ └── supports-color@2.0.0
59 silly currentTree ├── @cypress/request@2.88.5
59 silly currentTree ├─┬ @cypress/xvfb@1.2.4
59 silly currentTree │ └── debug@3.2.7
59 silly currentTree ├── @samverschueren/stream-to-observable@0.3.1
59 silly currentTree ├── @types/node@14.14.37
59 silly currentTree ├── @types/sinonjs__fake-timers@6.0.2
59 silly currentTree ├── @types/sizzle@2.3.2
59 silly currentTree ├── ajv@6.12.6
59 silly currentTree ├── ally.js@1.4.1
59 silly currentTree ├── ansi-escapes@3.2.0
59 silly currentTree ├── ansi-regex@2.1.1
59 silly currentTree ├── ansi-styles@2.2.1
59 silly currentTree ├── any-observable@0.3.0
59 silly currentTree ├── arch@2.2.0
59 silly currentTree ├── asn1@0.2.4
59 silly currentTree ├── assert-plus@1.0.0
59 silly currentTree ├── async@3.2.0
59 silly currentTree ├── asynckit@0.4.0
59 silly currentTree ├── at-least-node@1.0.0
59 silly currentTree ├── aws-sign2@0.7.0
59 silly currentTree ├── aws4@1.11.0
59 silly currentTree ├── balanced-match@1.0.2
59 silly currentTree ├── bcrypt-pbkdf@1.0.2
59 silly currentTree ├── blob-util@2.0.2
59 silly currentTree ├── bluebird@3.7.2
59 silly currentTree ├── brace-expansion@1.1.11
59 silly currentTree ├── buffer-crc32@0.2.13
59 silly currentTree ├── buffer-from@1.1.1
59 silly currentTree ├── cachedir@2.3.0
59 silly currentTree ├── caseless@0.12.0
59 silly currentTree ├─┬ chalk@4.1.0
59 silly currentTree │ ├── ansi-styles@4.3.0
59 silly currentTree │ └── supports-color@7.2.0
59 silly currentTree ├── check-more-types@2.24.0
59 silly currentTree ├── ci-info@3.1.1
59 silly currentTree ├── cli-cursor@1.0.2
59 silly currentTree ├── cli-table3@0.6.0
59 silly currentTree ├─┬ cli-truncate@0.2.1
59 silly currentTree │ ├── is-fullwidth-code-point@1.0.0
59 silly currentTree │ └── string-width@1.0.2
59 silly currentTree ├── code-point-at@1.1.0
59 silly currentTree ├── color-convert@2.0.1
59 silly currentTree ├── color-name@1.1.4
59 silly currentTree ├── colors@1.4.0
59 silly currentTree ├── combined-stream@1.0.8
59 silly currentTree ├── commander@5.1.0
59 silly currentTree ├── common-tags@1.8.0
59 silly currentTree ├── concat-map@0.0.1
59 silly currentTree ├── concat-stream@1.6.2
59 silly currentTree ├── core-util-is@1.0.2
59 silly currentTree ├── cross-spawn@7.0.3
59 silly currentTree ├── css.escape@1.5.1
59 silly currentTree ├── cypress-config-switcher@1.0.0
59 silly currentTree ├── cypress-plugin-tab@1.0.5
59 silly currentTree ├── cypress-xpath@1.6.2
59 silly currentTree ├─┬ cypress@7.1.0
59 silly currentTree │ ├── fs-extra@9.1.0
59 silly currentTree │ ├── jsonfile@6.1.0
59 silly currentTree │ └── universalify@2.0.0
59 silly currentTree ├── dashdash@1.14.1
59 silly currentTree ├── date-fns@1.30.1
59 silly currentTree ├── dayjs@1.10.4
59 silly currentTree ├─┬ debug@4.3.2
59 silly currentTree │ └── ms@2.1.2
59 silly currentTree ├── delayed-stream@1.0.0
59 silly currentTree ├── ecc-jsbn@0.1.2
59 silly currentTree ├── elegant-spinner@1.0.1
59 silly currentTree ├── emoji-regex@8.0.0
59 silly currentTree ├── end-of-stream@1.4.4
59 silly currentTree ├── escape-string-regexp@1.0.5
59 silly currentTree ├── eventemitter2@6.4.4
59 silly currentTree ├─┬ execa@4.1.0
59 silly currentTree │ └── onetime@5.1.2
59 silly currentTree ├── executable@4.1.1
59 silly currentTree ├── exit-hook@1.1.1
59 silly currentTree ├── extend@3.0.2
59 silly currentTree ├─┬ extract-zip@1.7.0
59 silly currentTree │ ├── debug@2.6.9
59 silly currentTree │ └── ms@2.0.0
59 silly currentTree ├── extsprintf@1.3.0
59 silly currentTree ├── fast-deep-equal@3.1.3
59 silly currentTree ├── fast-json-stable-stringify@2.1.0
59 silly currentTree ├── fd-slicer@1.1.0
59 silly currentTree ├── figures@1.7.0
59 silly currentTree ├── forever-agent@0.6.1
59 silly currentTree ├── form-data@2.3.3
59 silly currentTree ├── fs-extra@8.1.0
59 silly currentTree ├── fs.realpath@1.0.0
59 silly currentTree ├── fs@0.0.1-security
59 silly currentTree ├── get-stream@5.2.0
59 silly currentTree ├── getos@3.2.1
59 silly currentTree ├── getpass@0.1.7
59 silly currentTree ├── glob@7.1.6
59 silly currentTree ├── global-dirs@3.0.0
59 silly currentTree ├── graceful-fs@4.2.6
59 silly currentTree ├── har-schema@2.0.0
59 silly currentTree ├── har-validator@5.1.5
59 silly currentTree ├── has-ansi@2.0.0
59 silly currentTree ├── has-flag@4.0.0
59 silly currentTree ├── http-signature@1.2.0
59 silly currentTree ├── human-signals@1.1.1
59 silly currentTree ├── indent-string@3.2.0
59 silly currentTree ├── inflight@1.0.6
59 silly currentTree ├── inherits@2.0.4
59 silly currentTree ├── ini@2.0.0
59 silly currentTree ├── is-ci@3.0.0
59 silly currentTree ├── is-fullwidth-code-point@3.0.0
59 silly currentTree ├── is-installed-globally@0.4.0
59 silly currentTree ├── is-observable@1.1.0
59 silly currentTree ├── is-path-inside@3.0.3
59 silly currentTree ├── is-promise@2.2.2
59 silly currentTree ├── is-stream@2.0.0
59 silly currentTree ├── is-typedarray@1.0.0
59 silly currentTree ├── is-unicode-supported@0.1.0
59 silly currentTree ├── isarray@1.0.0
59 silly currentTree ├── isexe@2.0.0
59 silly currentTree ├── isstream@0.1.2
59 silly currentTree ├── jsbn@0.1.1
59 silly currentTree ├── json-schema-traverse@0.4.1
59 silly currentTree ├── json-schema@0.2.3
59 silly currentTree ├── json-stringify-safe@5.0.1
59 silly currentTree ├── jsonfile@4.0.0
59 silly currentTree ├── jsprim@1.4.1
59 silly currentTree ├── lazy-ass@1.6.0
59 silly currentTree ├── listr-silent-renderer@1.1.1
59 silly currentTree ├─┬ listr-update-renderer@0.5.0
59 silly currentTree │ ├── chalk@1.1.3
59 silly currentTree │ ├── log-symbols@1.0.2
59 silly currentTree │ └── supports-color@2.0.0
59 silly currentTree ├─┬ listr-verbose-renderer@0.5.0
59 silly currentTree │ ├── ansi-styles@3.2.1
59 silly currentTree │ ├── chalk@2.4.2
59 silly currentTree │ ├── cli-cursor@2.1.0
59 silly currentTree │ ├── color-convert@1.9.3
59 silly currentTree │ ├── color-name@1.1.3
59 silly currentTree │ ├── figures@2.0.0
59 silly currentTree │ ├── has-flag@3.0.0
59 silly currentTree │ ├── mimic-fn@1.2.0
59 silly currentTree │ ├── onetime@2.0.1
59 silly currentTree │ ├── restore-cursor@2.0.0
59 silly currentTree │ └── supports-color@5.5.0
59 silly currentTree ├─┬ listr@0.14.3
59 silly currentTree │ └── is-stream@1.1.0
59 silly currentTree ├── lodash.once@4.1.1
59 silly currentTree ├── lodash@4.17.21
59 silly currentTree ├── log-symbols@4.1.0
59 silly currentTree ├─┬ log-update@2.3.0
59 silly currentTree │ ├── cli-cursor@2.1.0
59 silly currentTree │ ├── mimic-fn@1.2.0
59 silly currentTree │ ├── onetime@2.0.1
59 silly currentTree │ └── restore-cursor@2.0.0
59 silly currentTree ├── merge-stream@2.0.0
59 silly currentTree ├── mime-db@1.47.0
59 silly currentTree ├── mime-types@2.1.30
59 silly currentTree ├── mimic-fn@2.1.0
59 silly currentTree ├── minimatch@3.0.4
59 silly currentTree ├── minimist@1.2.5
59 silly currentTree ├── mkdirp@0.5.5
59 silly currentTree ├── ms@2.1.3
59 silly currentTree ├── npm-run-path@4.0.1
59 silly currentTree ├── number-is-nan@1.0.1
59 silly currentTree ├── oauth-sign@0.9.0
59 silly currentTree ├── object-assign@4.1.1
59 silly currentTree ├── once@1.4.0
59 silly currentTree ├── onetime@1.1.0
59 silly currentTree ├── ospath@1.2.2
59 silly currentTree ├── p-map@2.1.0
59 silly currentTree ├── path-is-absolute@1.0.1
59 silly currentTree ├── path-key@3.1.1
59 silly currentTree ├── pend@1.2.0
59 silly currentTree ├── performance-now@2.1.0
59 silly currentTree ├── pify@2.3.0
59 silly currentTree ├── platform@1.3.3
59 silly currentTree ├── pretty-bytes@5.6.0
59 silly currentTree ├── process-nextick-args@2.0.1
59 silly currentTree ├── psl@1.8.0
59 silly currentTree ├── pump@3.0.0
59 silly currentTree ├── punycode@2.1.1
59 silly currentTree ├── qs@6.5.2
59 silly currentTree ├── querystring@0.2.0
59 silly currentTree ├── ramda@0.27.1
59 silly currentTree ├─┬ readable-stream@2.3.7
59 silly currentTree │ └── safe-buffer@5.1.2
59 silly currentTree ├── request-progress@3.0.0
59 silly currentTree ├── restore-cursor@1.0.1
59 silly currentTree ├── rimraf@3.0.2
59 silly currentTree ├── rxjs@6.6.7
59 silly currentTree ├── safe-buffer@5.2.1
59 silly currentTree ├── safer-buffer@2.1.2
59 silly currentTree ├── shebang-command@2.0.0
59 silly currentTree ├── shebang-regex@3.0.0
59 silly currentTree ├── signal-exit@3.0.3
59 silly currentTree ├── slice-ansi@0.0.4
59 silly currentTree ├── sshpk@1.16.1
59 silly currentTree ├─┬ string_decoder@1.1.1
59 silly currentTree │ └── safe-buffer@5.1.2
59 silly currentTree ├─┬ string-width@4.2.2
59 silly currentTree │ ├── ansi-regex@5.0.0
59 silly currentTree │ └── strip-ansi@6.0.0
59 silly currentTree ├── strip-ansi@3.0.1
59 silly currentTree ├── strip-final-newline@2.0.0
59 silly currentTree ├── supports-color@8.1.1
59 silly currentTree ├── symbol-observable@1.2.0
59 silly currentTree ├── throttleit@1.0.0
59 silly currentTree ├── tmp@0.2.1
59 silly currentTree ├── tough-cookie@2.5.0
59 silly currentTree ├── tslib@1.14.1
59 silly currentTree ├── tunnel-agent@0.6.0
59 silly currentTree ├── tweetnacl@0.14.5
59 silly currentTree ├── typedarray@0.0.6
59 silly currentTree ├── universalify@0.1.2
59 silly currentTree ├── untildify@4.0.0
59 silly currentTree ├── uri-js@4.4.1
59 silly currentTree ├─┬ url@0.11.0
59 silly currentTree │ └── punycode@1.3.2
59 silly currentTree ├── util-deprecate@1.0.2
59 silly currentTree ├── uuid@3.4.0
59 silly currentTree ├── verror@1.10.0
59 silly currentTree ├── which@2.0.2
59 silly currentTree ├─┬ wrap-ansi@3.0.1
59 silly currentTree │ ├── ansi-regex@3.0.0
59 silly currentTree │ ├── is-fullwidth-code-point@2.0.0
59 silly currentTree │ ├── string-width@2.1.1
59 silly currentTree │ └── strip-ansi@4.0.0
59 silly currentTree ├── wrappy@1.0.2
59 silly currentTree └── yauzl@2.10.0
60 silly idealTree api-test@1.0.1
60 silly idealTree ├─┬ @cypress/listr-verbose-renderer@0.4.1
60 silly idealTree │ ├── chalk@1.1.3
60 silly idealTree │ └── supports-color@2.0.0
60 silly idealTree ├── @cypress/request@2.88.5
60 silly idealTree ├─┬ @cypress/xvfb@1.2.4
60 silly idealTree │ └── debug@3.2.7
60 silly idealTree ├── @samverschueren/stream-to-observable@0.3.1
60 silly idealTree ├── @types/node@14.14.37
60 silly idealTree ├── @types/sinonjs__fake-timers@6.0.2
60 silly idealTree ├── @types/sizzle@2.3.2
60 silly idealTree ├── ajv@6.12.6
60 silly idealTree ├── ally.js@1.4.1
60 silly idealTree ├── ansi-escapes@3.2.0
60 silly idealTree ├── ansi-regex@2.1.1
60 silly idealTree ├── ansi-styles@2.2.1
60 silly idealTree ├── any-observable@0.3.0
60 silly idealTree ├── arch@2.2.0
60 silly idealTree ├── asn1@0.2.4
60 silly idealTree ├── assert-plus@1.0.0
60 silly idealTree ├── async@3.2.0
60 silly idealTree ├── asynckit@0.4.0
60 silly idealTree ├── at-least-node@1.0.0
60 silly idealTree ├── aws-sign2@0.7.0
60 silly idealTree ├── aws4@1.11.0
60 silly idealTree ├── balanced-match@1.0.2
60 silly idealTree ├── bcrypt-pbkdf@1.0.2
60 silly idealTree ├── blob-util@2.0.2
60 silly idealTree ├── bluebird@3.7.2
60 silly idealTree ├── brace-expansion@1.1.11
60 silly idealTree ├── buffer-crc32@0.2.13
60 silly idealTree ├── buffer-from@1.1.1
60 silly idealTree ├── cachedir@2.3.0
60 silly idealTree ├── caseless@0.12.0
60 silly idealTree ├─┬ chalk@4.1.0
60 silly idealTree │ ├── ansi-styles@4.3.0
60 silly idealTree │ └── supports-color@7.2.0
60 silly idealTree ├── check-more-types@2.24.0
60 silly idealTree ├── ci-info@3.1.1
60 silly idealTree ├── cli-cursor@1.0.2
60 silly idealTree ├── cli-table3@0.6.0
60 silly idealTree ├─┬ cli-truncate@0.2.1
60 silly idealTree │ ├── is-fullwidth-code-point@1.0.0
60 silly idealTree │ └── string-width@1.0.2
60 silly idealTree ├── code-point-at@1.1.0
60 silly idealTree ├── color-convert@2.0.1
60 silly idealTree ├── color-name@1.1.4
60 silly idealTree ├── colors@1.4.0
60 silly idealTree ├── combined-stream@1.0.8
60 silly idealTree ├── commander@5.1.0
60 silly idealTree ├── common-tags@1.8.0
60 silly idealTree ├── concat-map@0.0.1
60 silly idealTree ├── concat-stream@1.6.2
60 silly idealTree ├── core-util-is@1.0.2
60 silly idealTree ├── cross-spawn@7.0.3
60 silly idealTree ├── css.escape@1.5.1
60 silly idealTree ├── cypress-config-switcher@1.0.0
60 silly idealTree ├── cypress-plugin-tab@1.0.5
60 silly idealTree ├── cypress-xpath@1.6.2
60 silly idealTree ├─┬ cypress@7.1.0
60 silly idealTree │ ├── fs-extra@9.1.0
60 silly idealTree │ ├── jsonfile@6.1.0
60 silly idealTree │ └── universalify@2.0.0
60 silly idealTree ├── dashdash@1.14.1
60 silly idealTree ├── date-fns@1.30.1
60 silly idealTree ├── dayjs@1.10.4
60 silly idealTree ├─┬ debug@4.3.2
60 silly idealTree │ └── ms@2.1.2
60 silly idealTree ├── delayed-stream@1.0.0
60 silly idealTree ├── ecc-jsbn@0.1.2
60 silly idealTree ├── elegant-spinner@1.0.1
60 silly idealTree ├── emoji-regex@8.0.0
60 silly idealTree ├── end-of-stream@1.4.4
60 silly idealTree ├── escape-string-regexp@1.0.5
60 silly idealTree ├── eventemitter2@6.4.4
60 silly idealTree ├─┬ execa@4.1.0
60 silly idealTree │ └── onetime@5.1.2
60 silly idealTree ├── executable@4.1.1
60 silly idealTree ├── exit-hook@1.1.1
60 silly idealTree ├── extend@3.0.2
60 silly idealTree ├─┬ extract-zip@1.7.0
60 silly idealTree │ ├── debug@2.6.9
60 silly idealTree │ └── ms@2.0.0
60 silly idealTree ├── extsprintf@1.3.0
60 silly idealTree ├── fast-deep-equal@3.1.3
60 silly idealTree ├── fast-json-stable-stringify@2.1.0
60 silly idealTree ├── fd-slicer@1.1.0
60 silly idealTree ├── figures@1.7.0
60 silly idealTree ├── forever-agent@0.6.1
60 silly idealTree ├── form-data@2.3.3
60 silly idealTree ├── fs-extra@8.1.0
60 silly idealTree ├── fs.realpath@1.0.0
60 silly idealTree ├── fs@0.0.1-security
60 silly idealTree ├── get-stream@5.2.0
60 silly idealTree ├── getos@3.2.1
60 silly idealTree ├── getpass@0.1.7
60 silly idealTree ├── glob@7.1.6
60 silly idealTree ├── global-dirs@3.0.0
60 silly idealTree ├── graceful-fs@4.2.6
60 silly idealTree ├── har-schema@2.0.0
60 silly idealTree ├── har-validator@5.1.5
60 silly idealTree ├── has-ansi@2.0.0
60 silly idealTree ├── has-flag@4.0.0
60 silly idealTree ├── http-signature@1.2.0
60 silly idealTree ├── human-signals@1.1.1
60 silly idealTree ├── indent-string@3.2.0
60 silly idealTree ├── inflight@1.0.6
60 silly idealTree ├── inherits@2.0.4
60 silly idealTree ├── ini@2.0.0
60 silly idealTree ├── is-ci@3.0.0
60 silly idealTree ├── is-fullwidth-code-point@3.0.0
60 silly idealTree ├── is-installed-globally@0.4.0
60 silly idealTree ├── is-observable@1.1.0
60 silly idealTree ├── is-path-inside@3.0.3
60 silly idealTree ├── is-promise@2.2.2
60 silly idealTree ├── is-stream@2.0.0
60 silly idealTree ├── is-typedarray@1.0.0
60 silly idealTree ├── is-unicode-supported@0.1.0
60 silly idealTree ├── isarray@1.0.0
60 silly idealTree ├── isexe@2.0.0
60 silly idealTree ├── isstream@0.1.2
60 silly idealTree ├── jsbn@0.1.1
60 silly idealTree ├── json-schema-traverse@0.4.1
60 silly idealTree ├── json-schema@0.2.3
60 silly idealTree ├── json-stringify-safe@5.0.1
60 silly idealTree ├── jsonfile@4.0.0
60 silly idealTree ├── jsprim@1.4.1
60 silly idealTree ├── lazy-ass@1.6.0
60 silly idealTree ├── listr-silent-renderer@1.1.1
60 silly idealTree ├─┬ listr-update-renderer@0.5.0
60 silly idealTree │ ├── chalk@1.1.3
60 silly idealTree │ ├── log-symbols@1.0.2
60 silly idealTree │ └── supports-color@2.0.0
60 silly idealTree ├─┬ listr-verbose-renderer@0.5.0
60 silly idealTree │ ├── ansi-styles@3.2.1
60 silly idealTree │ ├── chalk@2.4.2
60 silly idealTree │ ├── cli-cursor@2.1.0
60 silly idealTree │ ├── color-convert@1.9.3
60 silly idealTree │ ├── color-name@1.1.3
60 silly idealTree │ ├── figures@2.0.0
60 silly idealTree │ ├── has-flag@3.0.0
60 silly idealTree │ ├── mimic-fn@1.2.0
60 silly idealTree │ ├── onetime@2.0.1
60 silly idealTree │ ├── restore-cursor@2.0.0
60 silly idealTree │ └── supports-color@5.5.0
60 silly idealTree ├─┬ listr@0.14.3
60 silly idealTree │ └── is-stream@1.1.0
60 silly idealTree ├── lodash.once@4.1.1
60 silly idealTree ├── lodash@4.17.21
60 silly idealTree ├── log-symbols@4.1.0
60 silly idealTree ├─┬ log-update@2.3.0
60 silly idealTree │ ├── cli-cursor@2.1.0
60 silly idealTree │ ├── mimic-fn@1.2.0
60 silly idealTree │ ├── onetime@2.0.1
60 silly idealTree │ └── restore-cursor@2.0.0
60 silly idealTree ├── merge-stream@2.0.0
60 silly idealTree ├── mime-db@1.47.0
60 silly idealTree ├── mime-types@2.1.30
60 silly idealTree ├── mimic-fn@2.1.0
60 silly idealTree ├── minimatch@3.0.4
60 silly idealTree ├── minimist@1.2.5
60 silly idealTree ├── mkdirp@0.5.5
60 silly idealTree ├── ms@2.1.3
60 silly idealTree ├── npm-run-path@4.0.1
60 silly idealTree ├── number-is-nan@1.0.1
60 silly idealTree ├── oauth-sign@0.9.0
60 silly idealTree ├── object-assign@4.1.1
60 silly idealTree ├── once@1.4.0
60 silly idealTree ├── onetime@1.1.0
60 silly idealTree ├── oracledb@5.1.0
60 silly idealTree ├── ospath@1.2.2
60 silly idealTree ├── p-map@2.1.0
60 silly idealTree ├── path-is-absolute@1.0.1
60 silly idealTree ├── path-key@3.1.1
60 silly idealTree ├── pend@1.2.0
60 silly idealTree ├── performance-now@2.1.0
60 silly idealTree ├── pify@2.3.0
60 silly idealTree ├── platform@1.3.3
60 silly idealTree ├── pretty-bytes@5.6.0
60 silly idealTree ├── process-nextick-args@2.0.1
60 silly idealTree ├── psl@1.8.0
60 silly idealTree ├── pump@3.0.0
60 silly idealTree ├── punycode@2.1.1
60 silly idealTree ├── qs@6.5.2
60 silly idealTree ├── querystring@0.2.0
60 silly idealTree ├── ramda@0.27.1
60 silly idealTree ├─┬ readable-stream@2.3.7
60 silly idealTree │ └── safe-buffer@5.1.2
60 silly idealTree ├── request-progress@3.0.0
60 silly idealTree ├── restore-cursor@1.0.1
60 silly idealTree ├── rimraf@3.0.2
60 silly idealTree ├── rxjs@6.6.7
60 silly idealTree ├── safe-buffer@5.2.1
60 silly idealTree ├── safer-buffer@2.1.2
60 silly idealTree ├── shebang-command@2.0.0
60 silly idealTree ├── shebang-regex@3.0.0
60 silly idealTree ├── signal-exit@3.0.3
60 silly idealTree ├── slice-ansi@0.0.4
60 silly idealTree ├── sshpk@1.16.1
60 silly idealTree ├─┬ string_decoder@1.1.1
60 silly idealTree │ └── safe-buffer@5.1.2
60 silly idealTree ├─┬ string-width@4.2.2
60 silly idealTree │ ├── ansi-regex@5.0.0
60 silly idealTree │ └── strip-ansi@6.0.0
60 silly idealTree ├── strip-ansi@3.0.1
60 silly idealTree ├── strip-final-newline@2.0.0
60 silly idealTree ├── supports-color@8.1.1
60 silly idealTree ├── symbol-observable@1.2.0
60 silly idealTree ├── throttleit@1.0.0
60 silly idealTree ├── tmp@0.2.1
60 silly idealTree ├── tough-cookie@2.5.0
60 silly idealTree ├── tslib@1.14.1
60 silly idealTree ├── tunnel-agent@0.6.0
60 silly idealTree ├── tweetnacl@0.14.5
60 silly idealTree ├── typedarray@0.0.6
60 silly idealTree ├── universalify@0.1.2
60 silly idealTree ├── untildify@4.0.0
60 silly idealTree ├── uri-js@4.4.1
60 silly idealTree ├─┬ url@0.11.0
60 silly idealTree │ └── punycode@1.3.2
60 silly idealTree ├── util-deprecate@1.0.2
60 silly idealTree ├── uuid@3.4.0
60 silly idealTree ├── verror@1.10.0
60 silly idealTree ├── which@2.0.2
60 silly idealTree ├─┬ wrap-ansi@3.0.1
60 silly idealTree │ ├── ansi-regex@3.0.0
60 silly idealTree │ ├── is-fullwidth-code-point@2.0.0
60 silly idealTree │ ├── string-width@2.1.1
60 silly idealTree │ └── strip-ansi@4.0.0
60 silly idealTree ├── wrappy@1.0.2
60 silly idealTree └── yauzl@2.10.0
61 silly generateActionsToTake Starting
62 silly install generateActionsToTake
63 silly generateActionsToTake Finishing
64 silly diffTrees action count 1
65 silly diffTrees add oracledb@5.1.0
66 silly decomposeActions action count 8
67 silly decomposeActions fetch oracledb@5.1.0
68 silly decomposeActions extract oracledb@5.1.0
69 silly decomposeActions test oracledb@5.1.0
70 silly decomposeActions preinstall oracledb@5.1.0
71 silly decomposeActions build oracledb@5.1.0
72 silly decomposeActions install oracledb@5.1.0
73 silly decomposeActions postinstall oracledb@5.1.0
74 silly decomposeActions finalize oracledb@5.1.0
75 silly executeActions Starting
76 silly install executeActions
77 silly doSerial global-install 0
78 silly doParallel fetch 1
79 verbose lock using /home/lucas.melo/.npm/_locks/staging-873185edcc085cbb.lock for /home/lucas.melo/Documentos/PagSeguro/Conexao DB/node_modules/.staging
80 silly doParallel extract 1
81 silly extract oracledb@5.1.0
82 verbose unbuild node_modules/.staging/oracledb-43ba7b24
83 silly gentlyRm /home/lucas.melo/Documentos/PagSeguro/Conexao DB/node_modules/.staging/oracledb-43ba7b24 is being purged from base /home/lucas.melo/Documentos/PagSeguro/Conexao DB
84 verbose gentlyRm don't care about contents; nuking /home/lucas.melo/Documentos/PagSeguro/Conexao DB/node_modules/.staging/oracledb-43ba7b24
85 verbose tar unpack /home/lucas.melo/.npm/oracledb/5.1.0/package.tgz
86 verbose tar unpacking to /home/lucas.melo/Documentos/PagSeguro/Conexao DB/node_modules/.staging/oracledb-43ba7b24
87 silly gentlyRm /home/lucas.melo/Documentos/PagSeguro/Conexao DB/node_modules/.staging/oracledb-43ba7b24 is being purged
88 verbose gentlyRm don't care about contents; nuking /home/lucas.melo/Documentos/PagSeguro/Conexao DB/node_modules/.staging/oracledb-43ba7b24
89 silly gunzTarPerm modes [ '775', '664' ]
90 silly gunzTarPerm extractEntry lib/aqDeqOptions.js
91 silly gunzTarPerm modified mode [ 'lib/aqDeqOptions.js', 420, 436 ]
92 silly gunzTarPerm extractEntry lib/aqEnqOptions.js
93 silly gunzTarPerm modified mode [ 'lib/aqEnqOptions.js', 420, 436 ]
94 silly gunzTarPerm extractEntry lib/aqMessage.js
95 silly gunzTarPerm modified mode [ 'lib/aqMessage.js', 420, 436 ]
96 silly gunzTarPerm extractEntry lib/aqQueue.js
97 silly gunzTarPerm modified mode [ 'lib/aqQueue.js', 420, 436 ]
98 silly gunzTarPerm extractEntry lib/connection.js
99 silly gunzTarPerm modified mode [ 'lib/connection.js', 420, 436 ]
100 silly gunzTarPerm extractEntry lib/dbObject.js
101 silly gunzTarPerm modified mode [ 'lib/dbObject.js', 420, 436 ]
102 silly gunzTarPerm extractEntry index.js
103 silly gunzTarPerm modified mode [ 'index.js', 420, 436 ]
104 silly gunzTarPerm extractEntry package/install.js
105 silly gunzTarPerm modified mode [ 'package/install.js', 420, 436 ]
106 silly gunzTarPerm extractEntry lib/lob.js
107 silly gunzTarPerm modified mode [ 'lib/lob.js', 420, 436 ]
108 silly gunzTarPerm extractEntry lib/oracledb.js
109 silly gunzTarPerm modified mode [ 'lib/oracledb.js', 420, 436 ]
110 silly gunzTarPerm extractEntry lib/pool.js
111 silly gunzTarPerm modified mode [ 'lib/pool.js', 420, 436 ]
112 silly gunzTarPerm extractEntry package/prunebinaries.js
113 silly gunzTarPerm modified mode [ 'package/prunebinaries.js', 420, 436 ]
114 silly gunzTarPerm extractEntry lib/queryStream.js
115 silly gunzTarPerm modified mode [ 'lib/queryStream.js', 420, 436 ]
116 silly gunzTarPerm extractEntry lib/resultset.js
117 silly gunzTarPerm modified mode [ 'lib/resultset.js', 420, 436 ]
118 silly gunzTarPerm extractEntry lib/sodaCollection.js
119 silly gunzTarPerm modified mode [ 'lib/sodaCollection.js', 420, 436 ]
120 silly gunzTarPerm extractEntry lib/sodaDatabase.js
121 silly gunzTarPerm modified mode [ 'lib/sodaDatabase.js', 420, 436 ]
122 silly gunzTarPerm extractEntry lib/sodaDocCursor.js
123 silly gunzTarPerm modified mode [ 'lib/sodaDocCursor.js', 420, 436 ]
124 silly gunzTarPerm extractEntry lib/sodaDocument.js
125 silly gunzTarPerm modified mode [ 'lib/sodaDocument.js', 420, 436 ]
126 silly gunzTarPerm extractEntry lib/sodaOperation.js
127 silly gunzTarPerm modified mode [ 'lib/sodaOperation.js', 420, 436 ]
128 silly gunzTarPerm extractEntry lib/util.js
129 silly gunzTarPerm modified mode [ 'lib/util.js', 420, 436 ]
130 silly gunzTarPerm extractEntry package.json
131 silly gunzTarPerm modified mode [ 'package.json', 420, 436 ]
132 silly gunzTarPerm extractEntry CHANGELOG.md
133 silly gunzTarPerm modified mode [ 'CHANGELOG.md', 420, 436 ]
134 silly gunzTarPerm extractEntry LICENSE.md
135 silly gunzTarPerm modified mode [ 'LICENSE.md', 420, 436 ]
136 silly gunzTarPerm extractEntry package/README.md
137 silly gunzTarPerm modified mode [ 'package/README.md', 420, 436 ]
138 silly gunzTarPerm extractEntry README.md
139 silly gunzTarPerm modified mode [ 'README.md', 420, 436 ]
140 silly gunzTarPerm extractEntry build/Release/oracledb-5.1.0-darwin-x64.node
141 silly gunzTarPerm modified mode [ 'build/Release/oracledb-5.1.0-darwin-x64.node', 493, 509 ]
142 silly gunzTarPerm extractEntry build/Release/oracledb-5.1.0-linux-x64.node
143 silly gunzTarPerm modified mode [ 'build/Release/oracledb-5.1.0-linux-x64.node', 493, 509 ]
144 silly gunzTarPerm extractEntry build/Release/oracledb-5.1.0-win32-x64.node
145 silly gunzTarPerm modified mode [ 'build/Release/oracledb-5.1.0-win32-x64.node', 493, 509 ]
146 silly gunzTarPerm extractEntry build/Release/oracledb-5.1.0-darwin-x64.node-buildinfo.txt
147 silly gunzTarPerm modified mode [ 'build/Release/oracledb-5.1.0-darwin-x64.node-buildinfo.txt',
147 silly gunzTarPerm   420,
147 silly gunzTarPerm   436 ]
148 silly gunzTarPerm extractEntry build/Release/oracledb-5.1.0-linux-x64.node-buildinfo.txt
149 silly gunzTarPerm modified mode [ 'build/Release/oracledb-5.1.0-linux-x64.node-buildinfo.txt',
149 silly gunzTarPerm   420,
149 silly gunzTarPerm   436 ]
150 silly gunzTarPerm extractEntry build/Release/oracledb-5.1.0-win32-x64.node-buildinfo.txt
151 silly gunzTarPerm modified mode [ 'build/Release/oracledb-5.1.0-win32-x64.node-buildinfo.txt',
151 silly gunzTarPerm   420,
151 silly gunzTarPerm   436 ]
152 silly gentlyRm /home/lucas.melo/Documentos/PagSeguro/Conexao DB/node_modules/.staging/oracledb-43ba7b24/node_modules is being purged
153 verbose gentlyRm don't care about contents; nuking /home/lucas.melo/Documentos/PagSeguro/Conexao DB/node_modules/.staging/oracledb-43ba7b24/node_modules
154 silly doParallel preinstall 1
155 silly preinstall oracledb@5.1.0 /home/lucas.melo/Documentos/PagSeguro/Conexao DB/node_modules/.staging/oracledb-43ba7b24
156 info lifecycle oracledb@5.1.0~preinstall: oracledb@5.1.0
157 silly lifecycle oracledb@5.1.0~preinstall: no script for preinstall, continuing
158 silly doReverseSerial remove 0
159 silly doSerial move 0
160 silly doSerial finalize 1
161 silly finalize /home/lucas.melo/Documentos/PagSeguro/Conexao DB/node_modules/oracledb
162 silly doSerial build 1
163 silly build oracledb@5.1.0
164 info linkStuff oracledb@5.1.0
165 silly linkStuff oracledb@5.1.0 has /home/lucas.melo/Documentos/PagSeguro/Conexao DB/node_modules as its parent node_modules
166 verbose linkBins oracledb@5.1.0
167 verbose linkMans oracledb@5.1.0
168 silly doSerial global-link 0
169 silly doParallel update-linked 0
170 silly doSerial install 1
171 silly install oracledb@5.1.0 /home/lucas.melo/Documentos/PagSeguro/Conexao DB/node_modules/.staging/oracledb-43ba7b24
172 info lifecycle oracledb@5.1.0~install: oracledb@5.1.0
173 verbose lifecycle oracledb@5.1.0~install: unsafe-perm in lifecycle true
174 verbose lifecycle oracledb@5.1.0~install: PATH: /usr/share/npm/bin/node-gyp-bin:/home/lucas.melo/Documentos/PagSeguro/Conexao DB/node_modules/oracledb/node_modules/.bin:/home/lucas.melo/Documentos/PagSeguro/Conexao DB/node_modules/.bin:/usr/local/sbin:/usr/local/bin:/usr/sbin:/usr/bin:/sbin:/bin:/usr/games:/usr/local/games:/snap/bin:/opt/Terraform:/opt/Terraform:/u01/app/oracle/product/11.2.0/xe:/u01/app/oracle/product/11.2.0/xe/bin
175 verbose lifecycle oracledb@5.1.0~install: CWD: /home/lucas.melo/Documentos/PagSeguro/Conexao DB/node_modules/oracledb
176 silly lifecycle oracledb@5.1.0~install: Args: [ '-c', 'node package/install.js' ]
177 silly lifecycle oracledb@5.1.0~install: Returned: code: 87  signal: null
178 info lifecycle oracledb@5.1.0~install: Failed to exec install script
179 verbose unlock done using /home/lucas.melo/.npm/_locks/staging-873185edcc085cbb.lock for /home/lucas.melo/Documentos/PagSeguro/Conexao DB/node_modules/.staging
180 silly rollbackFailedOptional Starting
181 silly rollbackFailedOptional Finishing
182 silly runTopLevelLifecycles Starting
183 silly runTopLevelLifecycles Finishing
184 silly install printInstalled
185 warn api-test@1.0.1 No repository field.
186 verbose stack Error: oracledb@5.1.0 install: `node package/install.js`
186 verbose stack Exit status 87
186 verbose stack     at EventEmitter.<anonymous> (/usr/share/npm/lib/utils/lifecycle.js:232:16)
186 verbose stack     at emitTwo (events.js:126:13)
186 verbose stack     at EventEmitter.emit (events.js:214:7)
186 verbose stack     at ChildProcess.<anonymous> (/usr/share/npm/lib/utils/spawn.js:24:14)
186 verbose stack     at emitTwo (events.js:126:13)
186 verbose stack     at ChildProcess.emit (events.js:214:7)
186 verbose stack     at maybeClose (internal/child_process.js:925:16)
186 verbose stack     at Process.ChildProcess._handle.onexit (internal/child_process.js:209:5)
187 verbose pkgid oracledb@5.1.0
188 verbose cwd /home/lucas.melo/Documentos/PagSeguro/Conexao DB
189 error Linux 4.15.0-1030-oem
190 error argv "/usr/bin/node" "/usr/bin/npm" "install"
191 error node v8.10.0
192 error npm  v3.5.2
193 error code ELIFECYCLE
194 error oracledb@5.1.0 install: `node package/install.js`
194 error Exit status 87
195 error Failed at the oracledb@5.1.0 install script 'node package/install.js'.
195 error Make sure you have the latest version of node.js and npm installed.
195 error If you do, this is most likely a problem with the oracledb package,
195 error not with npm itself.
195 error Tell the author that this fails on your system:
195 error     node package/install.js
195 error You can get information on how to open an issue for this project with:
195 error     npm bugs oracledb
195 error Or if that isn't available, you can get their info via:
195 error     npm owner ls oracledb
195 error There is likely additional logging output above.
196 verbose exit [ 1, true ]
